[22-Apr-2025 23:11:43 UTC] PHP Warning:  Attempt to read property "title" on null in /workspaces/FInal-exam/.wordpress/wp-includes/class-wp-customize-widgets.php on line 926
[22-Apr-2025 23:12:08 UTC] PHP Warning:  Undefined variable $parent_theme_name in /workspaces/FInal-exam/.wordpress/wp-content/mu-plugins/one-click-child-theme/templates/create_child_form.php on line 18
[23-Apr-2025 00:15:45 UTC] PHP Fatal error:  Out of memory (allocated 33554432) (tried to allocate 2097152 bytes) in /workspaces/FInal-exam/.wordpress/wp-content/plugins/ecommerce-product-catalog/includes/blocks/index.php on line 110
[23-Apr-2025 00:15:45 UTC] PHP Fatal error:  Uncaught Error: Class "ic_catalog_notices" not found in /workspaces/FInal-exam/.wordpress/wp-content/plugins/ecommerce-product-catalog/includes/settings/general.php:600
Stack trace:
#0 /workspaces/FInal-exam/.wordpress/wp-content/plugins/ecommerce-product-catalog/includes/settings/general.php(687): get_multiple_settings()
#1 /workspaces/FInal-exam/.wordpress/wp-content/plugins/ecommerce-product-catalog/includes/tracking.php(126): get_integration_type()
#2 /workspaces/FInal-exam/.wordpress/wp-content/plugins/ecommerce-product-catalog/includes/tracking.php(99): IC_EPC_Tracking->get_integration_type()
#3 /workspaces/FInal-exam/.wordpress/wp-content/plugins/ecommerce-product-catalog/includes/tracking.php(551): IC_EPC_Tracking->setup_data()
#4 /workspaces/FInal-exam/.wordpress/wp-content/plugins/ecommerce-product-catalog/includes/tracking.php(481): IC_EPC_Tracking->send_paused_checkin(Array, true)
#5 [internal function]: IC_EPC_Tracking->fatal()
#6 {main}
  thrown in /workspaces/FInal-exam/.wordpress/wp-content/plugins/ecommerce-product-catalog/includes/settings/general.php on line 600
[23-Apr-2025 00:15:48 UTC] PHP Fatal error:  Out of memory (allocated 31457280) (tried to allocate 2097152 bytes) in /workspaces/FInal-exam/.wordpress/wp-content/plugins/ecommerce-product-catalog/includes/customizer.php on line 316
[23-Apr-2025 00:15:48 UTC] PHP Fatal error:  Uncaught Error: Class "ic_catalog_notices" not found in /workspaces/FInal-exam/.wordpress/wp-content/plugins/ecommerce-product-catalog/includes/settings/general.php:600
Stack trace:
#0 /workspaces/FInal-exam/.wordpress/wp-content/plugins/ecommerce-product-catalog/includes/settings/general.php(687): get_multiple_settings()
#1 /workspaces/FInal-exam/.wordpress/wp-content/plugins/ecommerce-product-catalog/includes/tracking.php(126): get_integration_type()
#2 /workspaces/FInal-exam/.wordpress/wp-content/plugins/ecommerce-product-catalog/includes/tracking.php(99): IC_EPC_Tracking->get_integration_type()
#3 /workspaces/FInal-exam/.wordpress/wp-content/plugins/ecommerce-product-catalog/includes/tracking.php(551): IC_EPC_Tracking->setup_data()
#4 /workspaces/FInal-exam/.wordpress/wp-content/plugins/ecommerce-product-catalog/includes/tracking.php(481): IC_EPC_Tracking->send_paused_checkin(Array, true)
#5 [internal function]: IC_EPC_Tracking->fatal()
#6 {main}
  thrown in /workspaces/FInal-exam/.wordpress/wp-content/plugins/ecommerce-product-catalog/includes/settings/general.php on line 600
[23-Apr-2025 00:15:54 UTC] PHP Fatal error:  Out of memory (allocated 29360128) (tried to allocate 2097152 bytes) in /workspaces/FInal-exam/.wordpress/wp-content/plugins/ecommerce-product-catalog/includes/blocks/index.php on line 111
[23-Apr-2025 00:15:54 UTC] PHP Fatal error:  Uncaught Error: Class "ic_catalog_notices" not found in /workspaces/FInal-exam/.wordpress/wp-content/plugins/ecommerce-product-catalog/includes/settings/general.php:600
Stack trace:
#0 /workspaces/FInal-exam/.wordpress/wp-content/plugins/ecommerce-product-catalog/includes/settings/general.php(687): get_multiple_settings()
#1 /workspaces/FInal-exam/.wordpress/wp-content/plugins/ecommerce-product-catalog/includes/tracking.php(126): get_integration_type()
#2 /workspaces/FInal-exam/.wordpress/wp-content/plugins/ecommerce-product-catalog/includes/tracking.php(99): IC_EPC_Tracking->get_integration_type()
#3 /workspaces/FInal-exam/.wordpress/wp-content/plugins/ecommerce-product-catalog/includes/tracking.php(551): IC_EPC_Tracking->setup_data()
#4 /workspaces/FInal-exam/.wordpress/wp-content/plugins/ecommerce-product-catalog/includes/tracking.php(481): IC_EPC_Tracking->send_paused_checkin(Array, true)
#5 [internal function]: IC_EPC_Tracking->fatal()
#6 {main}
  thrown in /workspaces/FInal-exam/.wordpress/wp-content/plugins/ecommerce-product-catalog/includes/settings/general.php on line 600
[23-Apr-2025 00:15:54 UTC] PHP Fatal error:  Out of memory (allocated 29360128) (tried to allocate 2097152 bytes) in /workspaces/FInal-exam/.wordpress/wp-content/plugins/ecommerce-product-catalog/includes/customizer.php on line 316
[23-Apr-2025 00:15:54 UTC] PHP Fatal error:  Uncaught Error: Class "ic_catalog_notices" not found in /workspaces/FInal-exam/.wordpress/wp-content/plugins/ecommerce-product-catalog/includes/settings/general.php:600
Stack trace:
#0 /workspaces/FInal-exam/.wordpress/wp-content/plugins/ecommerce-product-catalog/includes/settings/general.php(687): get_multiple_settings()
#1 /workspaces/FInal-exam/.wordpress/wp-content/plugins/ecommerce-product-catalog/includes/tracking.php(126): get_integration_type()
#2 /workspaces/FInal-exam/.wordpress/wp-content/plugins/ecommerce-product-catalog/includes/tracking.php(99): IC_EPC_Tracking->get_integration_type()
#3 /workspaces/FInal-exam/.wordpress/wp-content/plugins/ecommerce-product-catalog/includes/tracking.php(551): IC_EPC_Tracking->setup_data()
#4 /workspaces/FInal-exam/.wordpress/wp-content/plugins/ecommerce-product-catalog/includes/tracking.php(481): IC_EPC_Tracking->send_paused_checkin(Array, true)
#5 [internal function]: IC_EPC_Tracking->fatal()
#6 {main}
  thrown in /workspaces/FInal-exam/.wordpress/wp-content/plugins/ecommerce-product-catalog/includes/settings/general.php on line 600
[23-Apr-2025 00:16:12 UTC] PHP Fatal error:  Out of memory (allocated 29360128) (tried to allocate 2097152 bytes) in /workspaces/FInal-exam/.wordpress/wp-content/plugins/ecommerce-product-catalog/includes/blocks/index.php on line 110
[23-Apr-2025 00:16:12 UTC] PHP Fatal error:  Uncaught Error: Class "ic_catalog_notices" not found in /workspaces/FInal-exam/.wordpress/wp-content/plugins/ecommerce-product-catalog/includes/settings/general.php:600
Stack trace:
#0 /workspaces/FInal-exam/.wordpress/wp-content/plugins/ecommerce-product-catalog/includes/settings/general.php(687): get_multiple_settings()
#1 /workspaces/FInal-exam/.wordpress/wp-content/plugins/ecommerce-product-catalog/includes/tracking.php(126): get_integration_type()
#2 /workspaces/FInal-exam/.wordpress/wp-content/plugins/ecommerce-product-catalog/includes/tracking.php(99): IC_EPC_Tracking->get_integration_type()
#3 /workspaces/FInal-exam/.wordpress/wp-content/plugins/ecommerce-product-catalog/includes/tracking.php(551): IC_EPC_Tracking->setup_data()
#4 /workspaces/FInal-exam/.wordpress/wp-content/plugins/ecommerce-product-catalog/includes/tracking.php(481): IC_EPC_Tracking->send_paused_checkin(Array, true)
#5 [internal function]: IC_EPC_Tracking->fatal()
#6 {main}
  thrown in /workspaces/FInal-exam/.wordpress/wp-content/plugins/ecommerce-product-catalog/includes/settings/general.php on line 600
[23-Apr-2025 00:16:17 UTC] PHP Fatal error:  Out of memory (allocated 29360128) (tried to allocate 2097152 bytes) in /workspaces/FInal-exam/.wordpress/wp-content/plugins/ecommerce-product-catalog/includes/blocks/index.php on line 142
[23-Apr-2025 00:16:17 UTC] PHP Fatal error:  Uncaught Error: Class "ic_catalog_notices" not found in /workspaces/FInal-exam/.wordpress/wp-content/plugins/ecommerce-product-catalog/includes/settings/general.php:600
Stack trace:
#0 /workspaces/FInal-exam/.wordpress/wp-content/plugins/ecommerce-product-catalog/includes/settings/general.php(687): get_multiple_settings()
#1 /workspaces/FInal-exam/.wordpress/wp-content/plugins/ecommerce-product-catalog/includes/tracking.php(126): get_integration_type()
#2 /workspaces/FInal-exam/.wordpress/wp-content/plugins/ecommerce-product-catalog/includes/tracking.php(99): IC_EPC_Tracking->get_integration_type()
#3 /workspaces/FInal-exam/.wordpress/wp-content/plugins/ecommerce-product-catalog/includes/tracking.php(551): IC_EPC_Tracking->setup_data()
#4 /workspaces/FInal-exam/.wordpress/wp-content/plugins/ecommerce-product-catalog/includes/tracking.php(481): IC_EPC_Tracking->send_paused_checkin(Array, true)
#5 [internal function]: IC_EPC_Tracking->fatal()
#6 {main}
  thrown in /workspaces/FInal-exam/.wordpress/wp-content/plugins/ecommerce-product-catalog/includes/settings/general.php on line 600
[23-Apr-2025 00:16:21 UTC] PHP Fatal error:  Out of memory (allocated 29360128) (tried to allocate 2097152 bytes) in /workspaces/FInal-exam/.wordpress/wp-content/plugins/ecommerce-product-catalog/includes/blocks/index.php on line 111
[23-Apr-2025 00:16:21 UTC] PHP Fatal error:  Uncaught Error: Class "ic_catalog_notices" not found in /workspaces/FInal-exam/.wordpress/wp-content/plugins/ecommerce-product-catalog/includes/settings/general.php:600
Stack trace:
#0 /workspaces/FInal-exam/.wordpress/wp-content/plugins/ecommerce-product-catalog/includes/settings/general.php(687): get_multiple_settings()
#1 /workspaces/FInal-exam/.wordpress/wp-content/plugins/ecommerce-product-catalog/includes/tracking.php(126): get_integration_type()
#2 /workspaces/FInal-exam/.wordpress/wp-content/plugins/ecommerce-product-catalog/includes/tracking.php(99): IC_EPC_Tracking->get_integration_type()
#3 /workspaces/FInal-exam/.wordpress/wp-content/plugins/ecommerce-product-catalog/includes/tracking.php(551): IC_EPC_Tracking->setup_data()
#4 /workspaces/FInal-exam/.wordpress/wp-content/plugins/ecommerce-product-catalog/includes/tracking.php(481): IC_EPC_Tracking->send_paused_checkin(Array, true)
#5 [internal function]: IC_EPC_Tracking->fatal()
#6 {main}
  thrown in /workspaces/FInal-exam/.wordpress/wp-content/plugins/ecommerce-product-catalog/includes/settings/general.php on line 600
[23-Apr-2025 00:16:34 UTC] PHP Fatal error:  Out of memory (allocated 29360128) (tried to allocate 2097152 bytes) in /workspaces/FInal-exam/.wordpress/wp-content/plugins/ecommerce-product-catalog/includes/class-ic-sitewide-bar.php on line 101
[23-Apr-2025 00:16:34 UTC] PHP Fatal error:  Uncaught Error: Class "ic_catalog_notices" not found in /workspaces/FInal-exam/.wordpress/wp-content/plugins/ecommerce-product-catalog/includes/settings/general.php:600
Stack trace:
#0 /workspaces/FInal-exam/.wordpress/wp-content/plugins/ecommerce-product-catalog/includes/settings/general.php(687): get_multiple_settings()
#1 /workspaces/FInal-exam/.wordpress/wp-content/plugins/ecommerce-product-catalog/includes/tracking.php(126): get_integration_type()
#2 /workspaces/FInal-exam/.wordpress/wp-content/plugins/ecommerce-product-catalog/includes/tracking.php(99): IC_EPC_Tracking->get_integration_type()
#3 /workspaces/FInal-exam/.wordpress/wp-content/plugins/ecommerce-product-catalog/includes/tracking.php(551): IC_EPC_Tracking->setup_data()
#4 /workspaces/FInal-exam/.wordpress/wp-content/plugins/ecommerce-product-catalog/includes/tracking.php(481): IC_EPC_Tracking->send_paused_checkin(Array, true)
#5 [internal function]: IC_EPC_Tracking->fatal()
#6 {main}
  thrown in /workspaces/FInal-exam/.wordpress/wp-content/plugins/ecommerce-product-catalog/includes/settings/general.php on line 600
[23-Apr-2025 00:16:46 UTC] PHP Fatal error:  Out of memory (allocated 29360128) (tried to allocate 2097152 bytes) in /workspaces/FInal-exam/.wordpress/wp-content/plugins/ecommerce-product-catalog/includes/blocks/index.php on line 142
[23-Apr-2025 00:16:46 UTC] PHP Fatal error:  Uncaught Error: Class "ic_catalog_notices" not found in /workspaces/FInal-exam/.wordpress/wp-content/plugins/ecommerce-product-catalog/includes/settings/general.php:600
Stack trace:
#0 /workspaces/FInal-exam/.wordpress/wp-content/plugins/ecommerce-product-catalog/includes/settings/general.php(687): get_multiple_settings()
#1 /workspaces/FInal-exam/.wordpress/wp-content/plugins/ecommerce-product-catalog/includes/tracking.php(126): get_integration_type()
#2 /workspaces/FInal-exam/.wordpress/wp-content/plugins/ecommerce-product-catalog/includes/tracking.php(99): IC_EPC_Tracking->get_integration_type()
#3 /workspaces/FInal-exam/.wordpress/wp-content/plugins/ecommerce-product-catalog/includes/tracking.php(551): IC_EPC_Tracking->setup_data()
#4 /workspaces/FInal-exam/.wordpress/wp-content/plugins/ecommerce-product-catalog/includes/tracking.php(481): IC_EPC_Tracking->send_paused_checkin(Array, true)
#5 [internal function]: IC_EPC_Tracking->fatal()
#6 {main}
  thrown in /workspaces/FInal-exam/.wordpress/wp-content/plugins/ecommerce-product-catalog/includes/settings/general.php on line 600
[23-Apr-2025 00:19:39 UTC] PHP Fatal error:  Out of memory (allocated 29360128) (tried to allocate 2097152 bytes) in /workspaces/FInal-exam/.wordpress/wp-content/plugins/ecommerce-product-catalog/includes/blocks/index.php on line 142
[23-Apr-2025 00:19:39 UTC] PHP Fatal error:  Uncaught Error: Class "ic_catalog_notices" not found in /workspaces/FInal-exam/.wordpress/wp-content/plugins/ecommerce-product-catalog/includes/settings/general.php:600
Stack trace:
#0 /workspaces/FInal-exam/.wordpress/wp-content/plugins/ecommerce-product-catalog/includes/settings/general.php(687): get_multiple_settings()
#1 /workspaces/FInal-exam/.wordpress/wp-content/plugins/ecommerce-product-catalog/includes/tracking.php(126): get_integration_type()
#2 /workspaces/FInal-exam/.wordpress/wp-content/plugins/ecommerce-product-catalog/includes/tracking.php(99): IC_EPC_Tracking->get_integration_type()
#3 /workspaces/FInal-exam/.wordpress/wp-content/plugins/ecommerce-product-catalog/includes/tracking.php(551): IC_EPC_Tracking->setup_data()
#4 /workspaces/FInal-exam/.wordpress/wp-content/plugins/ecommerce-product-catalog/includes/tracking.php(481): IC_EPC_Tracking->send_paused_checkin(Array, true)
#5 [internal function]: IC_EPC_Tracking->fatal()
#6 {main}
  thrown in /workspaces/FInal-exam/.wordpress/wp-content/plugins/ecommerce-product-catalog/includes/settings/general.php on line 600
